sample.interval=20000
"strOptions" "...elt" "doTryCatch" "tryCatchOne" "tryCatchList" "tryCatch" "withCallingHandlers" "stopifnot" "modifyList" "str.default" "str" "doTryCatch" "tryCatchOne" "tryCatchList" "tryCatch" "try" "eval" "eval" "withVisible" "evalVis" "capture.output" "eval" "doTryCatch" "tryCatchOne" "tryCatchList" "tryCatch" ".rs.withTimeLimit" ".rs.valueFromStr" "doTryCatch" "tryCatchOne" "tryCatchList" "tryCatch" ".rs.valueDescription" "<Anonymous>" 
"f" "sum_f_vect" 
"gsub" ".rs.fuzzyMatches" ".rs.getCompletionsSearchPath" "Reduce" "<Anonymous>" 
".Call" ".rs.isRScriptInPackageBuildTarget" "<Anonymous>" 
"ls" "FUN" "lapply" ".rs.objectsOnSearchPath" ".rs.getCompletionsSearchPath" "Reduce" "<Anonymous>" 
"nchar" ".rs.startsWith" ".rs.fuzzyMatches" ".rs.getCompletionsSearchPath" "Reduce" "<Anonymous>" 
".Call" ".rs.enqueClientEvent" "fun" "doTryCatch" "tryCatchOne" "tryCatchList" "tryCatch" "try" "runUserHook" "attachNamespace" "doTryCatch" "tryCatchOne" "tryCatchList" "tryCatch" "library" ".getRequiredPackages2" "library" ".getRequiredPackages2" "library" 
"lazyLoadDBfetch" "<Anonymous>" "lazyLoadDBfetch" "<Anonymous>" "lazyLoadDBfetch" "get" "registerS3methods" "loadNamespace" "doTryCatch" "tryCatchOne" "tryCatchList" "tryCatch" "library" ".getRequiredPackages2" "library" 
"<Anonymous>" "lazyLoadDBfetch" "<Anonymous>" "lazyLoadDBfetch" "<Anonymous>" "lazyLoadDBfetch" ".updateMethodsInTable" "methods::cacheMetaData" "loadNamespace" "doTryCatch" "tryCatchOne" "tryCatchList" "tryCatch" "library" ".getRequiredPackages2" "library" 
"lazyLoadDBfetch" "<Anonymous>" "lazyLoadDBfetch" "<Anonymous>" "lazyLoadDBfetch" ".getGeneric" "getGeneric" "methods::cacheMetaData" "loadNamespace" "doTryCatch" "tryCatchOne" "tryCatchList" "tryCatch" "library" ".getRequiredPackages2" "library" 
".Primitive" "remove" ".resetInheritedMethods" ".updateMethodsInTable" "methods::cacheMetaData" "loadNamespace" "doTryCatch" "tryCatchOne" "tryCatchList" "tryCatch" "library" ".getRequiredPackages2" "library" 
"new.env" "assign" ".storeMlist" ".mlistAddToTable" ".setupMethodsTables" "makeGeneric" "implicitGeneric" ".genericOrImplicit" "methods::cacheMetaData" "loadNamespace" "doTryCatch" "tryCatchOne" "tryCatchList" "tryCatch" "library" ".getRequiredPackages2" "library" 
".getClassesFromCache" "getClassDef" "is" ".checkGroupSigLength" ".updateMethodsInTable" ".updateMethodsInTable" "methods::cacheMetaData" "loadNamespace" "doTryCatch" "tryCatchOne" "tryCatchList" "tryCatch" "library" ".getRequiredPackages2" "library" 
"lapply" ".checkGroupSigLength" ".updateMethodsInTable" ".updateMethodsInTable" "methods::cacheMetaData" "loadNamespace" "doTryCatch" "tryCatchOne" "tryCatchList" "tryCatch" "library" ".getRequiredPackages2" "library" 
".getGeneric" "getGeneric" ".recMembers" "getGroupMembers" ".checkGroupSigLength" ".updateMethodsInTable" ".updateMethodsInTable" "methods::cacheMetaData" "loadNamespace" "doTryCatch" "tryCatchOne" "tryCatchList" "tryCatch" "library" ".getRequiredPackages2" "library" 
"lazyLoadDBfetch" "<Anonymous>" "lazyLoadDBfetch" "<Anonymous>" "lazyLoadDBfetch" ".getGeneric" "getGeneric" "methods::cacheMetaData" "loadNamespace" "doTryCatch" "tryCatchOne" "tryCatchList" "tryCatch" "library" ".getRequiredPackages2" "library" 
"paste" "methodsPackageMetaName" ".TableMetaName" ".updateMethodsInTable" ".updateMethodsInTable" ".updateMethodsInTable" "methods::cacheMetaData" "loadNamespace" "doTryCatch" "tryCatchOne" "tryCatchList" "tryCatch" "library" ".getRequiredPackages2" "library" 
".Call" "fun" "doTryCatch" "tryCatchOne" "tryCatchList" "tryCatch" "try" "runUserHook" "loadNamespace" "doTryCatch" "tryCatchOne" "tryCatchList" "tryCatch" "library" ".getRequiredPackages2" "library" 
"namespaceImportFrom" "namespaceImport" "loadNamespace" "doTryCatch" "tryCatchOne" "tryCatchList" "tryCatch" "library" 
"names" "checkConflicts" "library" 
